[debug] [2026-03-26T16:48:29.537Z] ----------------------------------------------------------------------
[debug] [2026-03-26T16:48:29.546Z] Command:       C:\Program Files\nodejs\node.exe C:\Users\jhadortiz\AppData\Roaming\npm\node_modules\firebase-tools\lib\bin\firebase.js deploy
[debug] [2026-03-26T16:48:29.547Z] CLI Version:   15.11.0
[debug] [2026-03-26T16:48:29.547Z] Platform:      win32
[debug] [2026-03-26T16:48:29.547Z] Node Version:  v22.14.0
[debug] [2026-03-26T16:48:29.548Z] Time:          Thu Mar 26 2026 12:48:29 GMT-0400 (hora de Bolivia)
[debug] [2026-03-26T16:48:29.548Z] ----------------------------------------------------------------------
[debug] 
[debug] [2026-03-26T16:48:29.552Z] >>> [apiv2][query] GET https://firebase-public.firebaseio.com/cli.json [none]
[debug] [2026-03-26T16:48:36.762Z] > command requires scopes: ["email","openid","https://www.googleapis.com/auth/cloudplatformprojects.readonly","https://www.googleapis.com/auth/firebase","https://www.googleapis.com/auth/cloud-platform"]
[debug] [2026-03-26T16:48:36.762Z] > authorizing via signed-in user (jhaddyn.ortiz@salamancasolutions.com)
[debug] [2026-03-26T16:48:36.762Z] [iam] checking project test-ads-publisher for permissions ["firebase.projects.get","firebasehosting.sites.update"]
[debug] [2026-03-26T16:48:36.764Z] Checked if tokens are valid: false, expires at: 1774378292855
[debug] [2026-03-26T16:48:36.764Z] Checked if tokens are valid: false, expires at: 1774378292855
[debug] [2026-03-26T16:48:36.764Z] > refreshing access token with scopes: []
[debug] [2026-03-26T16:48:36.766Z] >>> [apiv2][query] POST https://www.googleapis.com/oauth2/v3/token [none]
[debug] [2026-03-26T16:48:36.766Z] >>> [apiv2][body] POST https://www.googleapis.com/oauth2/v3/token [omitted]
[debug] [2026-03-26T16:48:36.917Z] *** [apiv2] error from fetch(https://www.googleapis.com/oauth2/v3/token, {"headers":{},"method":"POST","body":{"_overheadLength":545,"_valueLength":212,"_valuesToMeasure":[],"writable":false,"readable":true,"dataSize":0,"maxDataSize":2097152,"pauseStreams":true,"_released":true,"_streams":[],"_currentStream":null,"_insideLoop":false,"_pendingNext":false,"_boundary":"--------------------------9ee093be70f8413499e69089","_events":{},"_eventsCount":1}}): FetchError: request to https://www.googleapis.com/oauth2/v3/token failed, reason: self-signed certificate in certificate chain
[error] Authentication Error: Your credentials are no longer valid. Please run firebase login --reauth

For CI servers and headless environments, generate a new token with firebase login:ci
[debug] [2026-03-26T16:48:36.918Z] [iam] error while checking permissions, command may fail: Authentication Error: Your credentials are no longer valid. Please run firebase login --reauth

For CI servers and headless environments, generate a new token with firebase login:ci
[debug] [2026-03-26T16:48:36.919Z] Checked if tokens are valid: false, expires at: 1774378292855
[debug] [2026-03-26T16:48:36.919Z] Checked if tokens are valid: false, expires at: 1774378292855
[debug] [2026-03-26T16:48:36.919Z] > refreshing access token with scopes: []
[debug] [2026-03-26T16:48:36.919Z] >>> [apiv2][query] POST https://www.googleapis.com/oauth2/v3/token [none]
[debug] [2026-03-26T16:48:36.920Z] >>> [apiv2][body] POST https://www.googleapis.com/oauth2/v3/token [omitted]
[debug] [2026-03-26T16:48:37.027Z] *** [apiv2] error from fetch(https://firebase-public.firebaseio.com/cli.json, {"headers":{},"method":"GET"}): FetchError: request to https://firebase-public.firebaseio.com/cli.json failed, reason: self-signed certificate in certificate chain
[warn] !  Unable to fetch the CLI MOTD and remote config. This is not a fatal error, but may indicate an issue with your network connection. 
[debug] [2026-03-26T16:48:37.028Z] Failed to fetch MOTD FirebaseError: Failed to make request to https://firebase-public.firebaseio.com/cli.json
[debug] [2026-03-26T16:48:37.034Z] *** [apiv2] error from fetch(https://www.googleapis.com/oauth2/v3/token, {"headers":{},"method":"POST","body":{"_overheadLength":545,"_valueLength":212,"_valuesToMeasure":[],"writable":false,"readable":true,"dataSize":0,"maxDataSize":2097152,"pauseStreams":true,"_released":true,"_streams":[],"_currentStream":null,"_insideLoop":false,"_pendingNext":false,"_boundary":"--------------------------a2b5bce6ff21407157d039fa","_events":{},"_eventsCount":1}}): FetchError: request to https://www.googleapis.com/oauth2/v3/token failed, reason: self-signed certificate in certificate chain
[error] Authentication Error: Your credentials are no longer valid. Please run firebase login --reauth

For CI servers and headless environments, generate a new token with firebase login:ci
[debug] [2026-03-26T16:48:37.035Z] Authentication Error: Your credentials are no longer valid. Please run firebase login --reauth

For CI servers and headless environments, generate a new token with firebase login:ci
[error] 
[error] Error: Assertion failed: resolving hosting target of a site with no site name or target name. This should have caused an error earlier
